\BOOKMARK [-1][]{ctitle.-1}{\376\377\227\142\124\021\131\032\213\241\173\227\150\106\147\266\166\204\133\271\126\150\116\221\215\104\156\220\214\003\136\246\170\024\172\166\116\016\133\236\163\260}{}% 1
\BOOKMARK [0][]{thuchapter.1.0}{\376\377\144\130\000\040\211\201}{ctitle.-1}% 2
\BOOKMARK [0][]{thuchapter.2.0}{\376\377\000A\000b\000s\000t\000r\000a\000c\000t}{ctitle.-1}% 3
\BOOKMARK [0][]{thuchapter.3.0}{\376\377\166\356\000\040\137\125}{ctitle.-1}% 4
\BOOKMARK [0][]{chapter.1}{\376\377\173\054\0001\172\340\000\040\137\025\212\000}{ctitle.-1}% 5
\BOOKMARK [1][-]{section.1.1}{\376\377\0001\000.\0001\000\040\116\221\213\241\173\227\214\003\136\246\151\202\217\360}{chapter.1}% 6
\BOOKMARK [1][-]{section.1.2}{\376\377\0001\000.\0002\000\040\133\271\126\150\116\221\214\003\136\246\151\202\217\360}{chapter.1}% 7
\BOOKMARK [1][-]{section.1.3}{\376\377\0001\000.\0003\000\040\213\272\145\207\116\073\211\201\135\345\117\134\124\214\176\323\147\204\133\211\143\222}{chapter.1}% 8
\BOOKMARK [2][-]{subsection.1.3.1}{\376\377\0001\000.\0003\000.\0001\000\040\213\272\145\207\166\204\116\073\211\201\135\345\117\134}{section.1.3}% 9
\BOOKMARK [2][-]{subsection.1.3.2}{\376\377\0001\000.\0003\000.\0002\000\040\147\054\145\207\176\323\147\204\133\211\143\222}{section.1.3}% 10
\BOOKMARK [0][]{chapter.2}{\376\377\173\054\0002\172\340\000\040\000O\000p\000e\000n\000S\000h\000i\000f\000t\171\301\147\011\133\271\126\150\116\221\136\163\123\360\214\003\136\246\174\373\176\337}{ctitle.-1}% 11
\BOOKMARK [1][-]{section.2.1}{\376\377\0002\000.\0001\000\040\000D\000o\000c\000k\000e\000r\206\132\142\337\123\026\116\016\000O\000p\000e\000n\000S\000h\000i\000f\000t\136\163\123\360}{chapter.2}% 12
\BOOKMARK [2][-]{subsection.2.1.1}{\376\377\0002\000.\0001\000.\0001\000\040\000D\000o\000c\000k\000e\000r\206\132\142\337\123\026\142\200\147\057}{section.2.1}% 13
\BOOKMARK [2][-]{subsection.2.1.2}{\376\377\0002\000.\0001\000.\0002\000\040\000O\000p\000e\000n\000S\000h\000i\000f\000t\133\271\126\150\116\221\136\163\123\360}{section.2.1}% 14
\BOOKMARK [1][-]{section.2.2}{\376\377\0002\000.\0002\000\040\133\271\126\150\226\306\177\244\215\104\156\220\214\003\136\246\174\373\176\337}{chapter.2}% 15
\BOOKMARK [2][-]{subsection.2.2.1}{\376\377\0002\000.\0002\000.\0001\000\040\116\000\117\123\137\017\214\003\136\246\174\373\176\337}{section.2.2}% 16
\BOOKMARK [2][-]{subsection.2.2.2}{\376\377\0002\000.\0002\000.\0002\000\040\116\044\134\102\214\003\136\246\174\373\176\337}{section.2.2}% 17
\BOOKMARK [2][-]{subsection.2.2.3}{\376\377\0002\000.\0002\000.\0003\000\040\121\161\116\253\162\266\140\001\214\003\136\246\174\373\176\337}{section.2.2}% 18
\BOOKMARK [1][-]{section.2.3}{\376\377\0002\000.\0003\000\040\000K\000u\000b\000e\000r\000n\000e\000t\000e\000s\215\104\156\220\214\003\136\246\174\373\176\337}{chapter.2}% 19
\BOOKMARK [2][-]{subsection.2.3.1}{\376\377\0002\000.\0003\000.\0001\000\040\000K\000u\000b\000e\000r\000n\000e\000t\000e\000s\173\200\116\313}{section.2.3}% 20
\BOOKMARK [2][-]{subsection.2.3.2}{\376\377\0002\000.\0003\000.\0002\000\040\000K\000u\000b\000e\000r\000n\000e\000t\000e\000s\147\266\147\204\124\214\176\304\116\366}{section.2.3}% 21
\BOOKMARK [2][-]{subsection.2.3.3}{\376\377\0002\000.\0003\000.\0003\000\040\000K\000u\000b\000e\000r\000n\000e\000t\000e\000s\214\003\136\246\155\101\172\013}{section.2.3}% 22
\BOOKMARK [1][-]{section.2.4}{\376\377\0002\000.\0004\000\040\147\054\172\340\134\017\176\323}{chapter.2}% 23
\BOOKMARK [0][]{chapter.3}{\376\377\173\054\0003\172\340\000\040\145\071\217\333\000O\000p\000e\000n\000S\000h\000i\000f\000t\000\040\000O\000r\000i\000g\000i\000n\136\163\123\360\214\003\136\246\173\126\165\145}{ctitle.-1}% 24
\BOOKMARK [1][-]{section.3.1}{\376\377\0003\000.\0001\000\040\117\030\123\026\000K\000u\000b\000e\000r\000n\000e\000t\000e\000s\214\003\136\246\155\101\172\013}{chapter.3}% 25
\BOOKMARK [2][-]{subsection.3.1.1}{\376\377\0003\000.\0001\000.\0001\000\040\000D\000e\000f\000a\000u\000l\000t\214\003\136\246\173\227\154\325\155\101\172\013}{section.3.1}% 26
\BOOKMARK [2][-]{subsection.3.1.2}{\376\377\0003\000.\0001\000.\0002\000\040\000M\000R\000W\000S\173\227\154\325\214\003\136\246\155\101\172\013}{section.3.1}% 27
\BOOKMARK [1][-]{section.3.2}{\376\377\0003\000.\0002\000\040\000M\000R\000W\000S\214\003\136\246\173\227\154\325\213\276\213\241}{chapter.3}% 28
\BOOKMARK [2][-]{subsection.3.2.1}{\376\377\0003\000.\0002\000.\0001\000\040\000M\000R\000W\000S\172\172\225\362\215\104\156\220\213\304\122\006}{section.3.2}% 29
\BOOKMARK [2][-]{subsection.3.2.2}{\376\377\0003\000.\0002\000.\0002\000\040\000M\000R\000W\000S\136\163\210\141\152\041\127\127\213\304\122\006}{section.3.2}% 30
\BOOKMARK [2][-]{subsection.3.2.3}{\376\377\0003\000.\0002\000.\0003\000\040\000M\000R\000W\000S\127\107\210\141\136\246\213\304\116\367\152\041\127\127}{section.3.2}% 31
\BOOKMARK [1][-]{section.3.3}{\376\377\0003\000.\0003\000\040\147\054\172\340\134\017\176\323}{chapter.3}% 32
\BOOKMARK [0][]{chapter.4}{\376\377\173\054\0004\172\340\000\040\000F\000A\000H\000P\131\032\176\364\215\104\156\220\136\372\152\041\124\214\123\302\145\160\201\352\122\250\154\102\211\343}{ctitle.-1}% 33
\BOOKMARK [1][-]{section.4.1}{\376\377\0004\000.\0001\000\040\152\041\174\312\134\102\153\041\122\006\147\220\154\325\000F\000A\000H\000P}{chapter.4}% 34
\BOOKMARK [2][-]{subsection.4.1.1}{\376\377\0004\000.\0001\000.\0001\000\040\000F\000A\000H\000P\145\271\154\325\116\313\176\315}{section.4.1}% 35
\BOOKMARK [2][-]{subsection.4.1.2}{\376\377\0004\000.\0001\000.\0002\000\040\000F\000A\000H\000P\154\102\211\343\147\103\221\315\123\302\145\160\153\145\232\244}{section.4.1}% 36
\BOOKMARK [2][-]{subsection.4.1.3}{\376\377\0004\000.\0001\000.\0003\000\040\000F\000A\000H\000P\154\102\211\343\147\103\221\315\123\302\145\160\171\072\117\213}{section.4.1}% 37
\BOOKMARK [1][-]{section.4.2}{\376\377\0004\000.\0002\000\040\133\271\126\150\136\224\165\050\131\032\176\364\215\104\156\220\147\103\221\315\154\102\211\343}{chapter.4}% 38
\BOOKMARK [2][-]{subsection.4.2.1}{\376\377\0004\000.\0002\000.\0001\000\040\133\271\126\150\136\224\165\050\131\032\176\364\215\104\156\220\136\372\152\041}{section.4.2}% 39
\BOOKMARK [2][-]{subsection.4.2.2}{\376\377\0004\000.\0002\000.\0002\000\040\131\032\176\364\215\104\156\220\147\103\221\315\123\302\145\160\201\352\122\250\154\102\211\343}{section.4.2}% 40
\BOOKMARK [1][-]{section.4.3}{\376\377\0004\000.\0003\000\040\147\054\172\340\134\017\176\323}{chapter.4}% 41
\BOOKMARK [0][]{chapter.5}{\376\377\173\054\0005\172\340\000\040\000P\000a\000l\000a\000d\000i\000n\131\047\145\160\143\156\133\130\120\250\116\016\131\004\164\006\166\204\133\271\126\150\116\221\136\163\123\360\124\214\000M\000R\000W\000S\133\236\232\214}{ctitle.-1}% 42
\BOOKMARK [1][-]{section.5.1}{\376\377\0005\000.\0001\000\040\000C\000o\000n\000t\000a\000i\000n\000e\000r\000C\000l\000o\000u\000d\000S\000i\000m\152\041\142\337\000M\000R\000W\000S\214\003\136\246\145\271\150\110}{chapter.5}% 43
\BOOKMARK [2][-]{subsection.5.1.1}{\376\377\0005\000.\0001\000.\0001\000\040\000C\000o\000n\000t\000a\000i\000n\000e\000r\000C\000l\000o\000u\000d\000S\000i\000m\133\271\126\150\116\221\116\377\167\037\136\163\123\360}{section.5.1}% 44
\BOOKMARK [3][-]{subsubsection.5.1.1.1}{\376\377\0005\000.\0001\000.\0001\000.\0001\000\040\000C\000l\000o\000u\000d\000S\000i\000m\116\221\116\377\167\037\136\163\123\360}{subsection.5.1.1}% 45
\BOOKMARK [3][-]{subsubsection.5.1.1.2}{\376\377\0005\000.\0001\000.\0001\000.\0002\000\040\000C\000o\000n\000t\000a\000i\000e\000n\000r\000C\000l\000o\000u\000d\000S\000i\000m\133\271\126\150\116\221\116\377\167\037\136\163\123\360}{subsection.5.1.1}% 46
\BOOKMARK [2][-]{subsection.5.1.2}{\376\377\0005\000.\0001\000.\0002\000\040\000M\000R\000W\000S\215\104\156\220\122\051\165\050\163\207\133\236\232\214}{section.5.1}% 47
\BOOKMARK [2][-]{subsection.5.1.3}{\376\377\0005\000.\0001\000.\0003\000\040\000M\000R\000W\000S\215\037\217\175\127\107\210\141\133\236\232\214}{section.5.1}% 48
\BOOKMARK [1][-]{section.5.2}{\376\377\0005\000.\0002\000\040\000P\000a\000l\000a\000d\000i\000n\131\047\145\160\143\156\133\130\120\250\116\016\131\004\164\006\166\204\133\271\126\150\116\221\136\163\123\360\220\350\177\162}{chapter.5}% 49
\BOOKMARK [2][-]{subsection.5.2.1}{\376\377\0005\000.\0002\000.\0001\000\040\000P\000a\000l\000a\000d\000i\000n\131\047\145\160\143\156\133\130\120\250\116\016\131\004\164\006\166\204\133\271\126\150\116\221\136\163\123\360\116\313\176\315}{section.5.2}% 50
\BOOKMARK [2][-]{subsection.5.2.2}{\376\377\0005\000.\0002\000.\0002\000\040\000P\000a\000l\000a\000d\000i\000n\131\047\145\160\143\156\133\130\120\250\116\016\131\004\164\006\166\204\133\271\126\150\116\221\136\163\123\360\220\350\177\162}{section.5.2}% 51
\BOOKMARK [1][-]{section.5.3}{\376\377\0005\000.\0003\000\040\131\032\213\241\173\227\150\106\147\266\133\271\126\150\136\224\165\050\137\000\123\321}{chapter.5}% 52
\BOOKMARK [2][-]{subsection.5.3.1}{\376\377\0005\000.\0003\000.\0001\000\040\000S\000e\000r\000f\147\015\122\241\123\321\163\260}{section.5.3}% 53
\BOOKMARK [2][-]{subsection.5.3.2}{\376\377\0005\000.\0003\000.\0002\000\040\000H\000a\000d\000o\000o\000p\213\241\173\227\150\106\147\266\137\000\123\321}{section.5.3}% 54
\BOOKMARK [2][-]{subsection.5.3.3}{\376\377\0005\000.\0003\000.\0003\000\040\121\166\116\326\213\241\173\227\150\106\147\266\137\000\123\321}{section.5.3}% 55
\BOOKMARK [1][-]{section.5.4}{\376\377\0005\000.\0004\000\040\131\032\213\241\173\227\150\106\147\266\136\224\165\050\116\013\000M\000R\000W\000S\140\047\200\375\155\113\213\325}{chapter.5}% 56
\BOOKMARK [2][-]{subsection.5.4.1}{\376\377\0005\000.\0004\000.\0001\000\040\155\367\124\010\220\350\177\162\131\032\213\241\173\227\150\106\147\266}{section.5.4}% 57
\BOOKMARK [2][-]{subsection.5.4.2}{\376\377\0005\000.\0004\000.\0002\000\040\123\125\116\052\213\241\173\227\150\106\147\266\147\015\122\241\140\047\200\375}{section.5.4}% 58
\BOOKMARK [2][-]{subsection.5.4.3}{\376\377\0005\000.\0004\000.\0003\000\040\155\367\124\010\220\350\177\162\131\032\213\241\173\227\150\106\147\266\116\013\166\204\147\015\122\241\140\047\200\375}{section.5.4}% 59
\BOOKMARK [1][-]{section.5.5}{\376\377\0005\000.\0005\000\040\147\054\172\340\134\017\176\323}{chapter.5}% 60
\BOOKMARK [0][]{chapter.6}{\376\377\173\054\0006\172\340\000\040\140\073\176\323\116\016\134\125\147\033}{ctitle.-1}% 61
\BOOKMARK [0][]{section*.56}{\376\377\123\302\200\003\145\207\163\056}{ctitle.-1}% 62
\BOOKMARK [0][]{section*.58}{\376\377\201\364\000\040\214\042}{ctitle.-1}% 63
\BOOKMARK [0][]{section*.60}{\376\377\130\360\000\040\146\016}{ctitle.-1}% 64
\BOOKMARK [0][]{section*.62}{\376\377\116\052\116\272\173\200\123\206\060\001\127\050\133\146\147\037\225\364\123\321\210\150\166\204\133\146\147\057\213\272\145\207\116\016\170\024\172\166\142\020\147\234}{ctitle.-1}% 65
